2018-09-27 13:03:32,399 [Worker-13] INFO  o.e.m.c.i.e.AbstractTransferListenerAdapter - Downloaded http://maven2.it.volvo.net/repository/org/springframework/boot/spring-boot-starter-parent/1.4.1.RELEASE/spring-boot-starter-parent-1.4.1.RELEASE.pom
2018-09-27 13:03:42,483 [Worker-13] INFO  o.e.m.c.i.e.AbstractTransferListenerAdapter - Downloaded https://repo.maven.apache.org/maven2/org/springframework/boot/spring-boot-starter-parent/1.4.1.RELEASE/spring-boot-starter-parent-1.4.1.RELEASE.pom
2018-09-27 13:03:42,923 [Worker-13] INFO  o.e.m.c.i.e.AbstractTransferListenerAdapter - Downloaded http://maven2.it.volvo.net/repository/org/springframework/boot/spring-boot-starter-parent/1.4.0.RELEASE/spring-boot-starter-parent-1.4.0.RELEASE.pom
2018-09-27 13:03:52,928 [Worker-13] INFO  o.e.m.c.i.e.AbstractTransferListenerAdapter - Downloaded https://repo.spring.io/libs-release/org/springframework/boot/spring-boot-starter-parent/1.4.0.RELEASE/spring-boot-starter-parent-1.4.0.RELEASE.pom
2018-09-27 13:04:02,943 [Worker-13] INFO  o.e.m.c.i.e.AbstractTransferListenerAdapter - Downloaded https://repo.maven.apache.org/maven2/org/springframework/boot/spring-boot-starter-parent/1.4.0.RELEASE/spring-boot-starter-parent-1.4.0.RELEASE.pom
2018-09-27 13:04:03,069 [Worker-13] INFO  o.e.m.c.i.e.AbstractTransferListenerAdapter - Downloaded http://maven2.it.volvo.net/repository/io/spring/platform/platform-bom/2.0.5.RELEASE/platform-bom-2.0.5.RELEASE.pom
2018-09-27 13:04:13,073 [Worker-13] INFO  o.e.m.c.i.e.AbstractTransferListenerAdapter - Downloaded https://repo.maven.apache.org/maven2/io/spring/platform/platform-bom/2.0.5.RELEASE/platform-bom-2.0.5.RELEASE.pom
2018-09-27 13:04:14,695 [Worker-13] INFO  o.e.m.c.i.l.LifecycleMappingFactory - Using org.eclipse.m2e.jdt.JarLifecycleMapping lifecycle mapping for MavenProject: com.crossover.trial:journals:1.0 @ C:\exocerebro\java\javasnippets\crossoverjournal\pom.xml.
2018-09-27 13:04:16,011 [Worker-13] INFO  o.e.m.c.i.e.AbstractTransferListenerAdapter - Downloaded http://maven2.it.volvo.net/repository/org/apache/maven/plugins/maven-compiler-plugin/3.5/maven-compiler-plugin-3.5.jar
2018-09-27 13:04:26,080 [Worker-13] INFO  o.e.m.c.i.e.AbstractTransferListenerAdapter - Downloaded https://repo.maven.apache.org/maven2/org/apache/maven/plugins/maven-compiler-plugin/3.5/maven-compiler-plugin-3.5.jar
2018-09-27 13:04:26,184 [Worker-13] INFO  o.e.m.c.i.e.AbstractTransferListenerAdapter - Downloaded http://maven2.it.volvo.net/repository/org/apache/maven/plugins/maven-compiler-plugin/3.5/maven-compiler-plugin-3.5.pom
2018-09-27 13:04:36,191 [Worker-13] INFO  o.e.m.c.i.e.AbstractTransferListenerAdapter - Downloaded https://repo.maven.apache.org/maven2/org/apache/maven/plugins/maven-compiler-plugin/3.5/maven-compiler-plugin-3.5.pom
2018-09-27 13:04:36,229 [Worker-13] INFO  o.e.m.c.i.l.LifecycleMappingFactory - Using org.eclipse.m2e.jdt.JarLifecycleMapping lifecycle mapping for MavenProject: com.epam:spring-course:1.0-SNAPSHOT @ C:\exocerebro\java\javasnippets\laory-spring-course\pom.xml.
2018-09-27 13:04:36,256 [Worker-13] INFO  o.e.m.c.i.e.AbstractTransferListenerAdapter - Downloaded http://maven2.it.volvo.net/repository/org/springframework/spring-context/4.2.4.RELEASE/spring-context-4.2.4.RELEASE.pom
2018-09-27 13:04:46,261 [Worker-13] INFO  o.e.m.c.i.e.AbstractTransferListenerAdapter - Downloaded https://repo.maven.apache.org/maven2/org/springframework/spring-context/4.2.4.RELEASE/spring-context-4.2.4.RELEASE.pom
2018-09-27 13:04:46,272 [Worker-13] INFO  o.e.m.c.i.e.AbstractTransferListenerAdapter - Downloaded http://maven2.it.volvo.net/repository/org/springframework/spring-context-support/4.2.4.RELEASE/spring-context-support-4.2.4.RELEASE.pom
2018-09-27 13:04:56,276 [Worker-13] INFO  o.e.m.c.i.e.AbstractTransferListenerAdapter - Downloaded https://repo.maven.apache.org/maven2/org/springframework/spring-context-support/4.2.4.RELEASE/spring-context-support-4.2.4.RELEASE.pom
2018-09-27 13:04:56,289 [Worker-13] INFO  o.e.m.c.i.e.AbstractTransferListenerAdapter - Downloaded http://maven2.it.volvo.net/repository/org/springframework/spring-expression/4.2.4.RELEASE/spring-expression-4.2.4.RELEASE.pom
2018-09-27 13:05:06,294 [Worker-13] INFO  o.e.m.c.i.e.AbstractTransferListenerAdapter - Downloaded https://repo.maven.apache.org/maven2/org/springframework/spring-expression/4.2.4.RELEASE/spring-expression-4.2.4.RELEASE.pom
2018-09-27 13:05:06,309 [Worker-13] INFO  o.e.m.c.i.e.AbstractTransferListenerAdapter - Downloaded http://maven2.it.volvo.net/repository/org/springframework/spring-test/4.2.4.RELEASE/spring-test-4.2.4.RELEASE.pom
2018-09-27 13:05:16,316 [Worker-13] INFO  o.e.m.c.i.e.AbstractTransferListenerAdapter - Downloaded https://repo.maven.apache.org/maven2/org/springframework/spring-test/4.2.4.RELEASE/spring-test-4.2.4.RELEASE.pom
2018-09-27 13:05:16,326 [Worker-13] INFO  o.e.m.c.i.e.AbstractTransferListenerAdapter - Downloaded http://maven2.it.volvo.net/repository/org/springframework/spring-jdbc/4.2.4.RELEASE/spring-jdbc-4.2.4.RELEASE.pom
2018-09-27 13:05:26,331 [Worker-13] INFO  o.e.m.c.i.e.AbstractTransferListenerAdapter - Downloaded https://repo.maven.apache.org/maven2/org/springframework/spring-jdbc/4.2.4.RELEASE/spring-jdbc-4.2.4.RELEASE.pom
2018-09-27 13:05:26,350 [Worker-13] INFO  o.e.m.c.i.e.AbstractTransferListenerAdapter - Downloaded http://maven2.it.volvo.net/repository/org/springframework/spring-orm/4.2.4.RELEASE/spring-orm-4.2.4.RELEASE.pom
2018-09-27 13:05:36,357 [Worker-13] INFO  o.e.m.c.i.e.AbstractTransferListenerAdapter - Downloaded https://repo.maven.apache.org/maven2/org/springframework/spring-orm/4.2.4.RELEASE/spring-orm-4.2.4.RELEASE.pom
2018-09-27 13:05:36,385 [Worker-13] INFO  o.e.m.c.i.e.AbstractTransferListenerAdapter - Downloaded http://maven2.it.volvo.net/repository/org/springframework/spring-aop/4.2.4.RELEASE/spring-aop-4.2.4.RELEASE.pom
2018-09-27 13:05:46,393 [Worker-13] INFO  o.e.m.c.i.e.AbstractTransferListenerAdapter - Downloaded https://repo.maven.apache.org/maven2/org/springframework/spring-aop/4.2.4.RELEASE/spring-aop-4.2.4.RELEASE.pom
2018-09-27 13:05:46,429 [Worker-13] INFO  o.e.m.c.i.e.AbstractTransferListenerAdapter - Downloaded http://maven2.it.volvo.net/repository/org/hibernate/hibernate-core/5.1.0.Final/hibernate-core-5.1.0.Final.pom
2018-09-27 13:05:56,440 [Worker-13] INFO  o.e.m.c.i.e.AbstractTransferListenerAdapter - Downloaded https://repo.maven.apache.org/maven2/org/hibernate/hibernate-core/5.1.0.Final/hibernate-core-5.1.0.Final.pom
2018-09-27 13:05:56,474 [Worker-13] INFO  o.e.m.c.i.e.AbstractTransferListenerAdapter - Downloaded http://maven2.it.volvo.net/repository/org/hibernate/hibernate-java8/5.1.0.Final/hibernate-java8-5.1.0.Final.pom
2018-09-27 13:06:06,481 [Worker-13] INFO  o.e.m.c.i.e.AbstractTransferListenerAdapter - Downloaded https://repo.maven.apache.org/maven2/org/hibernate/hibernate-java8/5.1.0.Final/hibernate-java8-5.1.0.Final.pom
2018-09-27 13:06:06,514 [Worker-13] INFO  o.e.m.c.i.e.AbstractTransferListenerAdapter - Downloaded http://maven2.it.volvo.net/repository/com/h2database/h2/1.4.191/h2-1.4.191.pom
2018-09-27 13:06:16,525 [Worker-13] INFO  o.e.m.c.i.e.AbstractTransferListenerAdapter - Downloaded https://repo.maven.apache.org/maven2/com/h2database/h2/1.4.191/h2-1.4.191.pom
2018-09-27 13:06:16,541 [Worker-13] INFO  o.e.m.c.i.e.AbstractTransferListenerAdapter - Downloaded http://maven2.it.volvo.net/repository/junit/junit/4.9/junit-4.9.pom
2018-09-27 13:06:26,548 [Worker-13] INFO  o.e.m.c.i.e.AbstractTransferListenerAdapter - Downloaded https://repo.maven.apache.org/maven2/junit/junit/4.9/junit-4.9.pom
2018-09-27 13:06:27,540 [Worker-13] INFO  o.e.m.c.i.l.LifecycleMappingFactory - Using org.eclipse.m2e.jdt.JarLifecycleMapping lifecycle mapping for MavenProject: natektrialbatch:natektrialbatch:0.0.1-SNAPSHOT @ C:\exocerebro\java\javasnippets\polandtrialbatch\pom.xml.
2018-09-27 13:06:27,549 [Worker-13] INFO  o.e.m.c.i.e.AbstractTransferListenerAdapter - Downloaded http://maven2.it.volvo.net/repository/org/aspectj/aspectjrt/1.7.3/aspectjrt-1.7.3.pom
2018-09-27 13:06:37,556 [Worker-13] INFO  o.e.m.c.i.e.AbstractTransferListenerAdapter - Downloaded https://repo.maven.apache.org/maven2/org/aspectj/aspectjrt/1.7.3/aspectjrt-1.7.3.pom
2018-09-27 13:06:37,596 [Worker-13] INFO  o.e.m.c.i.e.AbstractTransferListenerAdapter - Downloaded http://maven2.it.volvo.net/repository/org/hsqldb/hsqldb/2.3.2/hsqldb-2.3.2.pom
2018-09-27 13:06:47,605 [Worker-13] INFO  o.e.m.c.i.e.AbstractTransferListenerAdapter - Downloaded https://repo.maven.apache.org/maven2/org/hsqldb/hsqldb/2.3.2/hsqldb-2.3.2.pom
